  UIManager.cpp
c:\users\user\downloads\20111618_deokeun-k\20111618_deokeun-k\sdl game development\tempproject\uimanager.cpp(19): warning C4244: '초기화 중': 'double'에서 'int'(으)로 변환하면서 데이터가 손실될 수 있습니다.
c:\users\user\downloads\20111618_deokeun-k\20111618_deokeun-k\sdl game development\tempproject\uimanager.cpp(33): warning C4244: '초기화 중': 'double'에서 'int'(으)로 변환하면서 데이터가 손실될 수 있습니다.
  tinyxmlparser.cpp
  tinyxmlerror.cpp
  tinyxml.cpp
  tinystr.cpp
  TextureManager.cpp
  StateParser.cpp
  SDLGameObject.cpp
c:\users\user\downloads\20111618_deokeun-k\20111618_deokeun-k\sdl game development\tempproject\sdlgameobject.cpp(11): warning C4244: '인수': 'int'에서 'float'(으)로 변환하면서 데이터가 손실될 수 있습니다.
c:\users\user\downloads\20111618_deokeun-k\20111618_deokeun-k\sdl game development\tempproject\sdlgameobject.cpp(26): warning C4244: '인수': 'float'에서 'int'(으)로 변환하면서 데이터가 손실될 수 있습니다.
c:\users\user\downloads\20111618_deokeun-k\20111618_deokeun-k\sdl game development\tempproject\sdlgameobject.cpp(30): warning C4244: '인수': 'float'에서 'int'(으)로 변환하면서 데이터가 손실될 수 있습니다.
  PlayState.cpp
c:\users\user\downloads\20111618_deokeun-k\20111618_deokeun-k\sdl game development\tempproject\playstate.cpp(24): warning C4018: '<': signed 또는 unsigned가 일치하지 않습니다.
c:\users\user\downloads\20111618_deokeun-k\20111618_deokeun-k\sdl game development\tempproject\playstate.cpp(37): warning C4018: '<': signed 또는 unsigned가 일치하지 않습니다.
c:\users\user\downloads\20111618_deokeun-k\20111618_deokeun-k\sdl game development\tempproject\playstate.cpp(53): warning C4018: '<': signed 또는 unsigned가 일치하지 않습니다.
c:\users\user\downloads\20111618_deokeun-k\20111618_deokeun-k\sdl game development\tempproject\playstate.cpp(60): warning C4018: '<': signed 또는 unsigned가 일치하지 않습니다.
c:\users\user\downloads\20111618_deokeun-k\20111618_deokeun-k\sdl game development\tempproject\playstate.cpp(75): warning C4244: '=': 'float'에서 'int'(으)로 변환하면서 데이터가 손실될 수 있습니다.
c:\users\user\downloads\20111618_deokeun-k\20111618_deokeun-k\sdl game development\tempproject\playstate.cpp(76): warning C4244: '=': 'float'에서 'int'(으)로 변환하면서 데이터가 손실될 수 있습니다.
c:\users\user\downloads\20111618_deokeun-k\20111618_deokeun-k\sdl game development\tempproject\playstate.cpp(77): warning C4244: '=': 'float'에서 'int'(으)로 변환하면서 데이터가 손실될 수 있습니다.
c:\users\user\downloads\20111618_deokeun-k\20111618_deokeun-k\sdl game development\tempproject\playstate.cpp(78): warning C4244: '=': 'float'에서 'int'(으)로 변환하면서 데이터가 손실될 수 있습니다.
c:\users\user\downloads\20111618_deokeun-k\20111618_deokeun-k\sdl game development\tempproject\playstate.cpp(80): warning C4244: '=': 'float'에서 'int'(으)로 변환하면서 데이터가 손실될 수 있습니다.
c:\users\user\downloads\20111618_deokeun-k\20111618_deokeun-k\sdl game development\tempproject\playstate.cpp(81): warning C4244: '=': 'float'에서 'int'(으)로 변환하면서 데이터가 손실될 수 있습니다.
c:\users\user\downloads\20111618_deokeun-k\20111618_deokeun-k\sdl game development\tempproject\playstate.cpp(82): warning C4244: '=': 'float'에서 'int'(으)로 변환하면서 데이터가 손실될 수 있습니다.
c:\users\user\downloads\20111618_deokeun-k\20111618_deokeun-k\sdl game development\tempproject\playstate.cpp(83): warning C4244: '=': 'float'에서 'int'(으)로 변환하면서 데이터가 손실될 수 있습니다.
  Player.cpp
  PauseState.cpp
c:\users\user\downloads\20111618_deokeun-k\20111618_deokeun-k\sdl game development\tempproject\pausestate.cpp(19): warning C4018: '<': signed 또는 unsigned가 일치하지 않습니다.
c:\users\user\downloads\20111618_deokeun-k\20111618_deokeun-k\sdl game development\tempproject\pausestate.cpp(27): warning C4018: '<': signed 또는 unsigned가 일치하지 않습니다.
c:\users\user\downloads\20111618_deokeun-k\20111618_deokeun-k\sdl game development\tempproject\pausestate.cpp(50): warning C4018: '<': signed 또는 unsigned가 일치하지 않습니다.
c:\users\user\downloads\20111618_deokeun-k\20111618_deokeun-k\sdl game development\tempproject\pausestate.cpp(56): warning C4018: '<': signed 또는 unsigned가 일치하지 않습니다.
c:\users\user\downloads\20111618_deokeun-k\20111618_deokeun-k\sdl game development\tempproject\pausestate.cpp(80): warning C4018: '<': signed 또는 unsigned가 일치하지 않습니다.
  NumberObject.cpp
  MenuButton.cpp
  MainMenuState.cpp
c:\users\user\downloads\20111618_deokeun-k\20111618_deokeun-k\sdl game development\tempproject\mainmenustate.cpp(19): warning C4018: '<': signed 또는 unsigned가 일치하지 않습니다.
c:\users\user\downloads\20111618_deokeun-k\20111618_deokeun-k\sdl game development\tempproject\mainmenustate.cpp(27): warning C4018: '<': signed 또는 unsigned가 일치하지 않습니다.
c:\users\user\downloads\20111618_deokeun-k\20111618_deokeun-k\sdl game development\tempproject\mainmenustate.cpp(49): warning C4018: '<': signed 또는 unsigned가 일치하지 않습니다.
c:\users\user\downloads\20111618_deokeun-k\20111618_deokeun-k\sdl game development\tempproject\mainmenustate.cpp(55): warning C4018: '<': signed 또는 unsigned가 일치하지 않습니다.
c:\users\user\downloads\20111618_deokeun-k\20111618_deokeun-k\sdl game development\tempproject\mainmenustate.cpp(78): warning C4018: '<': signed 또는 unsigned가 일치하지 않습니다.
  main.cpp
c:\users\user\downloads\20111618_deokeun-k\20111618_deokeun-k\sdl game development\tempproject\main.cpp(6): warning C4244: '초기화 중': 'float'에서 'int'(으)로 변환하면서 데이터가 손실될 수 있습니다.
c:\users\user\downloads\20111618_deokeun-k\20111618_deokeun-k\sdl game development\tempproject\main.cpp(10): warning C4244: '초기화 중': 'float'에서 'int'(으)로 변환하면서 데이터가 손실될 수 있습니다.
  InputHandler.cpp
c:\users\user\downloads\20111618_deokeun-k\20111618_deokeun-k\sdl game development\tempproject\inputhandler.cpp(65): warning C4018: '<': signed 또는 unsigned가 일치하지 않습니다.
c:\users\user\downloads\20111618_deokeun-k\20111618_deokeun-k\sdl game development\tempproject\inputhandler.cpp(134): warning C4244: 'return': 'float'에서 'int'(으)로 변환하면서 데이터가 손실될 수 있습니다.
c:\users\user\downloads\20111618_deokeun-k\20111618_deokeun-k\sdl game development\tempproject\inputhandler.cpp(136): warning C4244: 'return': 'float'에서 'int'(으)로 변환하면서 데이터가 손실될 수 있습니다.
c:\users\user\downloads\20111618_deokeun-k\20111618_deokeun-k\sdl game development\tempproject\inputhandler.cpp(145): warning C4244: 'return': 'float'에서 'int'(으)로 변환하면서 데이터가 손실될 수 있습니다.
c:\users\user\downloads\20111618_deokeun-k\20111618_deokeun-k\sdl game development\tempproject\inputhandler.cpp(147): warning C4244: 'return': 'float'에서 'int'(으)로 변환하면서 데이터가 손실될 수 있습니다.
c:\users\user\downloads\20111618_deokeun-k\20111618_deokeun-k\sdl game development\tempproject\inputhandler.cpp(281): warning C4244: '인수': 'Sint32'에서 'float'(으)로 변환하면서 데이터가 손실될 수 있습니다.
c:\users\user\downloads\20111618_deokeun-k\20111618_deokeun-k\sdl game development\tempproject\inputhandler.cpp(282): warning C4244: '인수': 'Sint32'에서 'float'(으)로 변환하면서 데이터가 손실될 수 있습니다.
  HexaState.cpp
c:\users\user\downloads\20111618_deokeun-k\20111618_deokeun-k\sdl game development\tempproject\hexastate.cpp(59): warning C4018: '<': signed 또는 unsigned가 일치하지 않습니다.
  HexaManager.cpp
c:\users\user\downloads\20111618_deokeun-k\20111618_deokeun-k\sdl game development\tempproject\hexamanager.cpp(158): warning C4018: '<': signed 또는 unsigned가 일치하지 않습니다.
c:\users\user\downloads\20111618_deokeun-k\20111618_deokeun-k\sdl game development\tempproject\hexamanager.cpp(354): warning C4244: '+=': 'double'에서 'int'(으)로 변환하면서 데이터가 손실될 수 있습니다.
  GameStateMachine.cpp
  GameOverState.cpp
c:\users\user\downloads\20111618_deokeun-k\20111618_deokeun-k\sdl game development\tempproject\gameoverstate.cpp(19): warning C4018: '<': signed 또는 unsigned가 일치하지 않습니다.
c:\users\user\downloads\20111618_deokeun-k\20111618_deokeun-k\sdl game development\tempproject\gameoverstate.cpp(27): warning C4018: '<': signed 또는 unsigned가 일치하지 않습니다.
c:\users\user\downloads\20111618_deokeun-k\20111618_deokeun-k\sdl game development\tempproject\gameoverstate.cpp(50): warning C4018: '<': signed 또는 unsigned가 일치하지 않습니다.
c:\users\user\downloads\20111618_deokeun-k\20111618_deokeun-k\sdl game development\tempproject\gameoverstate.cpp(56): warning C4018: '<': signed 또는 unsigned가 일치하지 않습니다.
c:\users\user\downloads\20111618_deokeun-k\20111618_deokeun-k\sdl game development\tempproject\gameoverstate.cpp(80): warning C4018: '<': signed 또는 unsigned가 일치하지 않습니다.
  코드를 생성하고 있습니다...
  컴파일하고 있습니다...
  GameObjectFactory.cpp
  GameObject.cpp
  Game.cpp
  Enemy.cpp
  Block.cpp
  BaseManager.cpp
  AnimatedGraphic.cpp
  코드를 생성하고 있습니다...
  TempProject.vcxproj -> C:\Users\user\Downloads\20111618_DeokEun-K\20111618_DeokEun-K\SDL Game Development\Debug\TempProject.exe
  TempProject.vcxproj -> C:\Users\user\Downloads\20111618_DeokEun-K\20111618_DeokEun-K\SDL Game Development\Debug\TempProject.pdb (Partial PDB)
