c:\20111618_deokeun-k\sdl game development\tempproject\debug\vc140.pdb
c:\20111618_deokeun-k\sdl game development\tempproject\debug\vc140.idb
c:\20111618_deokeun-k\sdl game development\tempproject\debug\enemy.obj
c:\20111618_deokeun-k\sdl game development\tempproject\debug\gameobject.obj
c:\20111618_deokeun-k\sdl game development\tempproject\debug\gameobjectfactory.obj
c:\20111618_deokeun-k\sdl game development\tempproject\debug\inputhandler.obj
c:\20111618_deokeun-k\sdl game development\tempproject\debug\texturemanager.obj
c:\20111618_deokeun-k\sdl game development\tempproject\debug\tinystr.obj
c:\20111618_deokeun-k\sdl game development\tempproject\debug\tinyxml.obj
c:\20111618_deokeun-k\sdl game development\tempproject\debug\tinyxmlerror.obj
c:\20111618_deokeun-k\sdl game development\tempproject\debug\tinyxmlparser.obj
c:\20111618_deokeun-k\sdl game development\tempproject\debug\animatedgraphic.obj
c:\20111618_deokeun-k\sdl game development\tempproject\debug\main.obj
c:\20111618_deokeun-k\sdl game development\tempproject\debug\mainmenustate.obj
c:\20111618_deokeun-k\sdl game development\tempproject\debug\game.obj
c:\20111618_deokeun-k\sdl game development\tempproject\debug\gameoverstate.obj
c:\20111618_deokeun-k\sdl game development\tempproject\debug\gamestatemachine.obj
c:\20111618_deokeun-k\sdl game development\tempproject\debug\menubutton.obj
c:\20111618_deokeun-k\sdl game development\tempproject\debug\pausestate.obj
c:\20111618_deokeun-k\sdl game development\tempproject\debug\playstate.obj
c:\20111618_deokeun-k\sdl game development\tempproject\debug\player.obj
c:\20111618_deokeun-k\sdl game development\tempproject\debug\sdlgameobject.obj
c:\20111618_deokeun-k\sdl game development\tempproject\debug\stateparser.obj
c:\20111618_deokeun-k\sdl game development\tempproject\debug\basemanager.obj
c:\20111618_deokeun-k\sdl game development\tempproject\debug\hexamanager.obj
c:\20111618_deokeun-k\sdl game development\tempproject\debug\hexastate.obj
c:\20111618_deokeun-k\sdl game development\tempproject\debug\block.obj
c:\20111618_deokeun-k\sdl game development\tempproject\debug\numberobject.obj
c:\20111618_deokeun-k\sdl game development\tempproject\debug\uimanager.obj
c:\20111618_deokeun-k\sdl game development\debug\tempproject.ilk
c:\20111618_deokeun-k\sdl game development\debug\tempproject.exe
c:\20111618_deokeun-k\sdl game development\debug\tempproject.pdb
c:\20111618_deokeun-k\sdl game development\tempproject\debug\tempproject.tlog\cl.command.1.tlog
c:\20111618_deokeun-k\sdl game development\tempproject\debug\tempproject.tlog\cl.read.1.tlog
c:\20111618_deokeun-k\sdl game development\tempproject\debug\tempproject.tlog\cl.write.1.tlog
c:\20111618_deokeun-k\sdl game development\tempproject\debug\tempproject.tlog\link-cvtres.read.1.tlog
c:\20111618_deokeun-k\sdl game development\tempproject\debug\tempproject.tlog\link-cvtres.write.1.tlog
c:\20111618_deokeun-k\sdl game development\tempproject\debug\tempproject.tlog\link-rc.read.1.tlog
c:\20111618_deokeun-k\sdl game development\tempproject\debug\tempproject.tlog\link-rc.write.1.tlog
c:\20111618_deokeun-k\sdl game development\tempproject\debug\tempproject.tlog\link.8796-cvtres.read.1.tlog
c:\20111618_deokeun-k\sdl game development\tempproject\debug\tempproject.tlog\link.8796-cvtres.write.1.tlog
c:\20111618_deokeun-k\sdl game development\tempproject\debug\tempproject.tlog\link.8796-rc.read.1.tlog
c:\20111618_deokeun-k\sdl game development\tempproject\debug\tempproject.tlog\link.8796-rc.write.1.tlog
c:\20111618_deokeun-k\sdl game development\tempproject\debug\tempproject.tlog\link.8796.read.1.tlog
c:\20111618_deokeun-k\sdl game development\tempproject\debug\tempproject.tlog\link.8796.write.1.tlog
c:\20111618_deokeun-k\sdl game development\tempproject\debug\tempproject.tlog\link.command.1.tlog
c:\20111618_deokeun-k\sdl game development\tempproject\debug\tempproject.tlog\link.read.1.tlog
c:\20111618_deokeun-k\sdl game development\tempproject\debug\tempproject.tlog\link.write.1.tlog
